[12:05:15.844 Verbose] - BuildManager - Algunas de las rutas de acceso son absolutas. Esto puede impedir la compilación de Live Unit Testing en la ubicación correcta.
[12:05:15.847 Verbose] - BuildManager - Propiedad BaseOutputPath evaluada como "bin\" mediante
BaseOutputPath: 'bin\' @ C:\Program Files\dotnet\sdk\5.0.409\Sdks\Microsoft.NET.Sdk\targets\Microsoft.NET.DefaultOutputPaths.targets:31
[12:05:15.847 Verbose] - BuildManager - Propiedad BaseIntermediateOutputPath evaluada como "D:\PERSONAL\SistematicoCafeSoluble\PruebaCafeSoluble\Web\obj\" mediante
BaseIntermediateOutputPath: '$(MSBuildProjectDirectory)\$(BaseIntermediateOutputPath)' @ C:\Program Files\dotnet\sdk\5.0.409\Sdks\Microsoft.NET.Sdk.Publish\targets\Microsoft.NET.Sdk.Publish.targets:80
  MSBuildProjectDirectory: 'D:\PERSONAL\SistematicoCafeSoluble\PruebaCafeSoluble\Web'
  BaseIntermediateOutputPath: 'obj\' @ C:\Program Files (x86)\Microsoft Visual Studio\2019\Enterprise\MSBuild\Current\Microsoft.Common.props:47
[12:05:15.847 Verbose] - BuildManager - Propiedad IntermediateOutputPath evaluada como "obj\Debug\net5.0\" mediante
IntermediateOutputPath: '$(IntermediateOutputPath)$(TargetFramework.ToLowerInvariant())\' @ C:\Program Files\dotnet\sdk\5.0.409\Sdks\Microsoft.NET.Sdk\targets\Microsoft.NET.TargetFrameworkInference.targets:241
  IntermediateOutputPath: '$(BaseIntermediateOutputPath)$(Configuration)\' @ C:\Program Files\dotnet\sdk\5.0.409\Sdks\Microsoft.NET.Sdk\targets\Microsoft.NET.DefaultOutputPaths.targets:39
    BaseIntermediateOutputPath: 'obj\' @ C:\Program Files (x86)\Microsoft Visual Studio\2019\Enterprise\MSBuild\Current\Microsoft.Common.props:47
    Configuration: 'Debug'
[12:05:15.848 Verbose] - BuildManager - Propiedad OutputPath evaluada como "bin\Debug\net5.0\" mediante
OutputPath: '$(OutputPath)$(TargetFramework.ToLowerInvariant())\' @ C:\Program Files\dotnet\sdk\5.0.409\Sdks\Microsoft.NET.Sdk\targets\Microsoft.NET.TargetFrameworkInference.targets:242
  OutputPath: '$(BaseOutputPath)$(Configuration)\' @ C:\Program Files\dotnet\sdk\5.0.409\Sdks\Microsoft.NET.Sdk\targets\Microsoft.NET.DefaultOutputPaths.targets:33
    BaseOutputPath: 'bin\' @ C:\Program Files\dotnet\sdk\5.0.409\Sdks\Microsoft.NET.Sdk\targets\Microsoft.NET.DefaultOutputPaths.targets:31
    Configuration: 'Debug'
[12:05:15.848 Verbose] - BuildManager - Propiedad OutDir evaluada como "bin\Debug\net5.0\" mediante
OutDir: '$(OutputPath)' @ C:\Program Files (x86)\Microsoft Visual Studio\2019\Enterprise\MSBuild\Current\Bin\Microsoft.Common.CurrentVersion.targets:228
  OutputPath: '$(OutputPath)$(TargetFramework.ToLowerInvariant())\' @ C:\Program Files\dotnet\sdk\5.0.409\Sdks\Microsoft.NET.Sdk\targets\Microsoft.NET.TargetFrameworkInference.targets:242
    OutputPath: '$(BaseOutputPath)$(Configuration)\' @ C:\Program Files\dotnet\sdk\5.0.409\Sdks\Microsoft.NET.Sdk\targets\Microsoft.NET.DefaultOutputPaths.targets:33
      BaseOutputPath: 'bin\' @ C:\Program Files\dotnet\sdk\5.0.409\Sdks\Microsoft.NET.Sdk\targets\Microsoft.NET.DefaultOutputPaths.targets:31
      Configuration: 'Debug'
